<?xml version="1.0"?>
<?xml-stylesheet type="text/xsl" href="configuration.xsl"?>
<configuration>
  <property>
    <name>hbase.client.scanner.timeout.period</name>
    <value>12345</value>
  </property>
</configuration>
